<?xml version="1.0" encoding="UTF-8"?>
<!-- Generated by org.testng.reporters.JUnitXMLReporter -->
<testsuite ignored="0" hostname="DESKTOP-EL5FA1A" failures="1" tests="1" name="Test" time="0.056" errors="0" timestamp="2023-03-08T17:19:35 CET">
  <testcase classname="ejemplo.NewTest" name="prueba" time="0.0">
    <failure type="java.lang.Error" message="Unresolved compilation problems: 
	WebDriverManager cannot be resolved
	url2 cannot be resolved to a variable
	url2 cannot be resolved to a variable
">
      <![CDATA[java.lang.Error: Unresolved compilation problems: 
WebDriverManager cannot be resolved
url2 cannot be resolved to a variable
url2 cannot be resolved to a variable

at ejemplo.NewTest.prueba(NewTest.java:18)
at java.base/java.util.ArrayList.forEach(ArrayList.java:1511)
... Removed 27 stack frames]]>
    </failure>
  </testcase> <!-- prueba -->
</testsuite> <!-- Test -->
