<?xml version="1.0" encoding="UTF-8"?>
<testng-results ignored="0" total="1" passed="1" failed="0" skipped="0">
  <reporter-output>
  </reporter-output>
  <suite started-at="2023-03-08T16:09:04 CET" name="Suite" finished-at="2023-03-08T16:09:14 CET" duration-ms="9531">
    <groups>
    </groups>
    <test started-at="2023-03-08T16:09:04 CET" name="Test" finished-at="2023-03-08T16:09:14 CET" duration-ms="9531">
      <class name="ejemplo.NewTest">
        <test-method signature="prueba()[pri:0, instance:ejemplo.NewTest@31fa1761]" started-at="2023-03-08T16:09:04 CET" name="prueba" finished-at="2023-03-08T16:09:14 CET" duration-ms="9484" status="PASS">
          <reporter-output>
          </reporter-output>
        </test-method> <!-- prueba -->
      </class> <!-- ejemplo.NewTest -->
    </test> <!-- Test -->
  </suite> <!-- Suite -->
</testng-results>
