<?xml version="1.0" encoding="UTF-8"?>
<testng-results ignored="0" total="1" passed="1" failed="0" skipped="0">
  <reporter-output>
  </reporter-output>
  <suite started-at="2023-03-08T17:32:24 CET" name="Suite" finished-at="2023-03-08T17:32:32 CET" duration-ms="8430">
    <groups>
    </groups>
    <test started-at="2023-03-08T17:32:24 CET" name="Test" finished-at="2023-03-08T17:32:32 CET" duration-ms="8430">
      <class name="ejemplo.NewTest">
        <test-method signature="prueba()[pri:0, instance:ejemplo.NewTest@31fa1761]" started-at="2023-03-08T17:32:24 CET" name="prueba" finished-at="2023-03-08T17:32:32 CET" duration-ms="8397" status="PASS">
          <reporter-output>
          </reporter-output>
        </test-method> <!-- prueba -->
      </class> <!-- ejemplo.NewTest -->
    </test> <!-- Test -->
  </suite> <!-- Suite -->
</testng-results>
