<?xml version="1.0" encoding="UTF-8"?>
<testng-results ignored="0" total="1" passed="1" failed="0" skipped="0">
  <reporter-output>
  </reporter-output>
  <suite started-at="2023-03-02T09:16:31 CET" name="Default suite" finished-at="2023-03-02T09:16:34 CET" duration-ms="3251">
    <groups>
    </groups>
    <test started-at="2023-03-02T09:16:31 CET" name="Default test" finished-at="2023-03-02T09:16:34 CET" duration-ms="3251">
      <class name="ejemplo.NewTest">
        <test-method signature="prueba()[pri:0, instance:ejemplo.NewTest@d9345cd]" started-at="2023-03-02T09:16:31 CET" name="prueba" finished-at="2023-03-02T09:16:34 CET" duration-ms="3216" status="PASS">
          <reporter-output>
          </reporter-output>
        </test-method> <!-- prueba -->
      </class> <!-- ejemplo.NewTest -->
    </test> <!-- Default test -->
  </suite> <!-- Default suite -->
</testng-results>
