<?xml version="1.0" encoding="UTF-8"?>
<testng-results ignored="0" total="1" passed="1" failed="0" skipped="0">
  <reporter-output>
  </reporter-output>
  <suite started-at="2023-03-07T09:53:27 CET" name="Default suite" finished-at="2023-03-07T09:53:37 CET" duration-ms="10357">
    <groups>
    </groups>
    <test started-at="2023-03-07T09:53:27 CET" name="Default test" finished-at="2023-03-07T09:53:37 CET" duration-ms="10357">
      <class name="ejemplo.NewTest">
        <test-method signature="prueba()[pri:0, instance:ejemplo.NewTest@2d710f1a]" started-at="2023-03-07T09:53:27 CET" name="prueba" finished-at="2023-03-07T09:53:37 CET" duration-ms="10272" status="PASS">
          <reporter-output>
          </reporter-output>
        </test-method> <!-- prueba -->
      </class> <!-- ejemplo.NewTest -->
    </test> <!-- Default test -->
  </suite> <!-- Default suite -->
</testng-results>
